  ChangeDetectionApplication.cpp
D:\Cpp\Qt\ChangeDetectionApplication\ChangeDetectionApplication.cpp(1,1): warning C4828: 文件包含在偏移 0x17f 处开始的字符，该字符在当前源字符集中无效(代码页 65001)。
D:\Cpp\Qt\ChangeDetectionApplication\ChangeDetectionApplication.cpp(1,1): warning C4828: 文件包含在偏移 0x183 处开始的字符，该字符在当前源字符集中无效(代码页 65001)。
D:\Cpp\Qt\ChangeDetectionApplication\ChangeDetectionApplication.cpp(1,1): warning C4828: 文件包含在偏移 0x184 处开始的字符，该字符在当前源字符集中无效(代码页 65001)。
D:\Cpp\Qt\ChangeDetectionApplication\ChangeDetectionApplication.cpp(1,1): warning C4828: 文件包含在偏移 0x19e 处开始的字符，该字符在当前源字符集中无效(代码页 65001)。
D:\Cpp\Qt\ChangeDetectionApplication\ChangeDetectionApplication.cpp(1,1): warning C4828: 文件包含在偏移 0x1a0 处开始的字符，该字符在当前源字符集中无效(代码页 65001)。
D:\Cpp\Qt\ChangeDetectionApplication\ChangeDetectionApplication.cpp(1,1): warning C4828: 文件包含在偏移 0x1a4 处开始的字符，该字符在当前源字符集中无效(代码页 65001)。
D:\Cpp\Qt\ChangeDetectionApplication\ChangeDetectionApplication.cpp(1,1): warning C4828: 文件包含在偏移 0x1a5 处开始的字符，该字符在当前源字符集中无效(代码页 65001)。
D:\Cpp\Qt\ChangeDetectionApplication\ChangeDetectionApplication.cpp(1,1): warning C4828: 文件包含在偏移 0x39e 处开始的字符，该字符在当前源字符集中无效(代码页 65001)。
D:\Cpp\Qt\ChangeDetectionApplication\ChangeDetectionApplication.cpp(1,1): warning C4828: 文件包含在偏移 0x3a1 处开始的字符，该字符在当前源字符集中无效(代码页 65001)。
D:\Cpp\Qt\ChangeDetectionApplication\ChangeDetectionApplication.cpp(1,1): warning C4828: 文件包含在偏移 0x3a4 处开始的字符，该字符在当前源字符集中无效(代码页 65001)。
D:\Cpp\Qt\ChangeDetectionApplication\ChangeDetectionApplication.cpp(1,1): warning C4828: 文件包含在偏移 0x3a6 处开始的字符，该字符在当前源字符集中无效(代码页 65001)。
D:\Cpp\Qt\ChangeDetectionApplication\ChangeDetectionApplication.cpp(1,1): warning C4828: 文件包含在偏移 0x3a8 处开始的字符，该字符在当前源字符集中无效(代码页 65001)。
D:\Cpp\Qt\ChangeDetectionApplication\ChangeDetectionApplication.cpp(1,1): warning C4828: 文件包含在偏移 0x3a9 处开始的字符，该字符在当前源字符集中无效(代码页 65001)。
D:\Cpp\Qt\ChangeDetectionApplication\ChangeDetectionApplication.cpp(1,1): warning C4828: 文件包含在偏移 0x492 处开始的字符，该字符在当前源字符集中无效(代码页 65001)。
D:\Cpp\Qt\ChangeDetectionApplication\ChangeDetectionApplication.cpp(1,1): warning C4828: 文件包含在偏移 0x494 处开始的字符，该字符在当前源字符集中无效(代码页 65001)。
D:\Cpp\Qt\ChangeDetectionApplication\ChangeDetectionApplication.cpp(1,1): warning C4828: 文件包含在偏移 0x496 处开始的字符，该字符在当前源字符集中无效(代码页 65001)。
D:\Cpp\Qt\ChangeDetectionApplication\ChangeDetectionApplication.cpp(1,1): warning C4828: 文件包含在偏移 0x498 处开始的字符，该字符在当前源字符集中无效(代码页 65001)。
D:\Cpp\Qt\ChangeDetectionApplication\ChangeDetectionApplication.cpp(1,1): warning C4828: 文件包含在偏移 0x499 处开始的字符，该字符在当前源字符集中无效(代码页 65001)。
D:\Cpp\Qt\ChangeDetectionApplication\ChangeDetectionApplication.cpp(1,1): warning C4828: 文件包含在偏移 0x49a 处开始的字符，该字符在当前源字符集中无效(代码页 65001)。
D:\Cpp\Qt\ChangeDetectionApplication\ChangeDetectionApplication.cpp(1,1): warning C4828: 文件包含在偏移 0x49d 处开始的字符，该字符在当前源字符集中无效(代码页 65001)。
D:\Cpp\Qt\ChangeDetectionApplication\ChangeDetectionApplication.cpp(1,1): warning C4828: 文件包含在偏移 0x581 处开始的字符，该字符在当前源字符集中无效(代码页 65001)。
D:\Cpp\Qt\ChangeDetectionApplication\ChangeDetectionApplication.cpp(1,1): warning C4828: 文件包含在偏移 0x583 处开始的字符，该字符在当前源字符集中无效(代码页 65001)。
D:\Cpp\Qt\ChangeDetectionApplication\ChangeDetectionApplication.cpp(1,1): warning C4828: 文件包含在偏移 0x585 处开始的字符，该字符在当前源字符集中无效(代码页 65001)。
D:\Cpp\Qt\ChangeDetectionApplication\ChangeDetectionApplication.cpp(1,1): warning C4828: 文件包含在偏移 0x587 处开始的字符，该字符在当前源字符集中无效(代码页 65001)。
D:\Cpp\Qt\ChangeDetectionApplication\ChangeDetectionApplication.cpp(1,1): warning C4828: 文件包含在偏移 0x5b5 处开始的字符，该字符在当前源字符集中无效(代码页 65001)。
D:\Cpp\Qt\ChangeDetectionApplication\ChangeDetectionApplication.cpp(1,1): warning C4828: 文件包含在偏移 0x5b7 处开始的字符，该字符在当前源字符集中无效(代码页 65001)。
D:\Cpp\Qt\ChangeDetectionApplication\ChangeDetectionApplication.cpp(1,1): warning C4828: 文件包含在偏移 0x5b8 处开始的字符，该字符在当前源字符集中无效(代码页 65001)。
D:\Cpp\Qt\ChangeDetectionApplication\ChangeDetectionApplication.cpp(1,1): warning C4828: 文件包含在偏移 0x5bc 处开始的字符，该字符在当前源字符集中无效(代码页 65001)。
D:\Cpp\Qt\ChangeDetectionApplication\ChangeDetectionApplication.cpp(1,1): warning C4828: 文件包含在偏移 0x5bd 处开始的字符，该字符在当前源字符集中无效(代码页 65001)。
D:\Cpp\Qt\ChangeDetectionApplication\ChangeDetectionApplication.cpp(1,1): warning C4828: 文件包含在偏移 0x5c0 处开始的字符，该字符在当前源字符集中无效(代码页 65001)。
D:\Cpp\Qt\ChangeDetectionApplication\ChangeDetectionApplication.cpp(1,1): warning C4828: 文件包含在偏移 0x5c1 处开始的字符，该字符在当前源字符集中无效(代码页 65001)。
D:\Cpp\Qt\ChangeDetectionApplication\ChangeDetectionApplication.cpp(1,1): warning C4828: 文件包含在偏移 0x5c3 处开始的字符，该字符在当前源字符集中无效(代码页 65001)。
D:\Cpp\Qt\ChangeDetectionApplication\ChangeDetectionApplication.cpp(1,1): warning C4828: 文件包含在偏移 0x5c4 处开始的字符，该字符在当前源字符集中无效(代码页 65001)。
D:\Cpp\Qt\ChangeDetectionApplication\ChangeDetectionApplication.cpp(1,1): warning C4828: 文件包含在偏移 0x5c5 处开始的字符，该字符在当前源字符集中无效(代码页 65001)。
D:\Cpp\Qt\ChangeDetectionApplication\ChangeDetectionApplication.cpp(1,1): warning C4828: 文件包含在偏移 0x5c6 处开始的字符，该字符在当前源字符集中无效(代码页 65001)。
D:\Cpp\Qt\ChangeDetectionApplication\ChangeDetectionApplication.cpp(1,1): warning C4828: 文件包含在偏移 0x68d 处开始的字符，该字符在当前源字符集中无效(代码页 65001)。
D:\Cpp\Qt\ChangeDetectionApplication\ChangeDetectionApplication.cpp(1,1): warning C4828: 文件包含在偏移 0x690 处开始的字符，该字符在当前源字符集中无效(代码页 65001)。
D:\Cpp\Qt\ChangeDetectionApplication\ChangeDetectionApplication.cpp(1,1): warning C4828: 文件包含在偏移 0x693 处开始的字符，该字符在当前源字符集中无效(代码页 65001)。
D:\Cpp\Qt\ChangeDetectionApplication\ChangeDetectionApplication.cpp(1,1): warning C4828: 文件包含在偏移 0x694 处开始的字符，该字符在当前源字符集中无效(代码页 65001)。
D:\Cpp\Qt\ChangeDetectionApplication\ChangeDetectionApplication.cpp(1,1): warning C4828: 文件包含在偏移 0x697 处开始的字符，该字符在当前源字符集中无效(代码页 65001)。
D:\Cpp\Qt\ChangeDetectionApplication\ChangeDetectionApplication.cpp(1,1): warning C4828: 文件包含在偏移 0x698 处开始的字符，该字符在当前源字符集中无效(代码页 65001)。
D:\Cpp\Qt\ChangeDetectionApplication\ChangeDetectionApplication.cpp(1,1): warning C4828: 文件包含在偏移 0x9b5 处开始的字符，该字符在当前源字符集中无效(代码页 65001)。
D:\Cpp\Qt\ChangeDetectionApplication\ChangeDetectionApplication.cpp(1,1): warning C4828: 文件包含在偏移 0x9b7 处开始的字符，该字符在当前源字符集中无效(代码页 65001)。
D:\Cpp\Qt\ChangeDetectionApplication\ChangeDetectionApplication.cpp(1,1): warning C4828: 文件包含在偏移 0x9b8 处开始的字符，该字符在当前源字符集中无效(代码页 65001)。
D:\Cpp\Qt\ChangeDetectionApplication\ChangeDetectionApplication.cpp(1,1): warning C4828: 文件包含在偏移 0x9bb 处开始的字符，该字符在当前源字符集中无效(代码页 65001)。
D:\Cpp\Qt\ChangeDetectionApplication\ChangeDetectionApplication.cpp(1,1): warning C4828: 文件包含在偏移 0x9bc 处开始的字符，该字符在当前源字符集中无效(代码页 65001)。
D:\Cpp\Qt\ChangeDetectionApplication\ChangeDetectionApplication.cpp(1,1): warning C4828: 文件包含在偏移 0x9bd 处开始的字符，该字符在当前源字符集中无效(代码页 65001)。
D:\Cpp\Qt\ChangeDetectionApplication\ChangeDetectionApplication.cpp(1,1): warning C4828: 文件包含在偏移 0x9c0 处开始的字符，该字符在当前源字符集中无效(代码页 65001)。
D:\Cpp\Qt\ChangeDetectionApplication\ChangeDetectionApplication.cpp(1,1): warning C4828: 文件包含在偏移 0x9c1 处开始的字符，该字符在当前源字符集中无效(代码页 65001)。
D:\Cpp\Qt\ChangeDetectionApplication\ChangeDetectionApplication.cpp(1,1): warning C4828: 文件包含在偏移 0x9c3 处开始的字符，该字符在当前源字符集中无效(代码页 65001)。
D:\Cpp\Qt\ChangeDetectionApplication\ChangeDetectionApplication.cpp(1,1): warning C4828: 文件包含在偏移 0x9c4 处开始的字符，该字符在当前源字符集中无效(代码页 65001)。
D:\Cpp\Qt\ChangeDetectionApplication\ChangeDetectionApplication.cpp(1,1): warning C4828: 文件包含在偏移 0x9c5 处开始的字符，该字符在当前源字符集中无效(代码页 65001)。
D:\Cpp\Qt\ChangeDetectionApplication\ChangeDetectionApplication.cpp(1,1): warning C4828: 文件包含在偏移 0x9c6 处开始的字符，该字符在当前源字符集中无效(代码页 65001)。
D:\Cpp\Qt\ChangeDetectionApplication\ChangeDetectionApplication.cpp(1,1): warning C4828: 文件包含在偏移 0xa97 处开始的字符，该字符在当前源字符集中无效(代码页 65001)。
D:\Cpp\Qt\ChangeDetectionApplication\ChangeDetectionApplication.cpp(1,1): warning C4828: 文件包含在偏移 0xa9a 处开始的字符，该字符在当前源字符集中无效(代码页 65001)。
D:\Cpp\Qt\ChangeDetectionApplication\ChangeDetectionApplication.cpp(1,1): warning C4828: 文件包含在偏移 0xa9d 处开始的字符，该字符在当前源字符集中无效(代码页 65001)。
D:\Cpp\Qt\ChangeDetectionApplication\ChangeDetectionApplication.cpp(1,1): warning C4828: 文件包含在偏移 0xa9e 处开始的字符，该字符在当前源字符集中无效(代码页 65001)。
D:\Cpp\Qt\ChangeDetectionApplication\ChangeDetectionApplication.cpp(1,1): warning C4828: 文件包含在偏移 0xaa1 处开始的字符，该字符在当前源字符集中无效(代码页 65001)。
D:\Cpp\Qt\ChangeDetectionApplication\ChangeDetectionApplication.cpp(1,1): warning C4828: 文件包含在偏移 0xaa2 处开始的字符，该字符在当前源字符集中无效(代码页 65001)。
D:\Cpp\Qt\ChangeDetectionApplication\ChangeDetectionApplication.cpp(1,1): warning C4828: 文件包含在偏移 0xde2 处开始的字符，该字符在当前源字符集中无效(代码页 65001)。
D:\Cpp\Qt\ChangeDetectionApplication\ChangeDetectionApplication.cpp(1,1): warning C4828: 文件包含在偏移 0xde4 处开始的字符，该字符在当前源字符集中无效(代码页 65001)。
D:\Cpp\Qt\ChangeDetectionApplication\ChangeDetectionApplication.cpp(1,1): warning C4828: 文件包含在偏移 0xde5 处开始的字符，该字符在当前源字符集中无效(代码页 65001)。
D:\Cpp\Qt\ChangeDetectionApplication\ChangeDetectionApplication.cpp(1,1): warning C4828: 文件包含在偏移 0xde9 处开始的字符，该字符在当前源字符集中无效(代码页 65001)。
D:\Cpp\Qt\ChangeDetectionApplication\ChangeDetectionApplication.cpp(1,1): warning C4828: 文件包含在偏移 0xdea 处开始的字符，该字符在当前源字符集中无效(代码页 65001)。
D:\Cpp\Qt\ChangeDetectionApplication\ChangeDetectionApplication.cpp(1,1): warning C4828: 文件包含在偏移 0xded 处开始的字符，该字符在当前源字符集中无效(代码页 65001)。
D:\Cpp\Qt\ChangeDetectionApplication\ChangeDetectionApplication.cpp(1,1): warning C4828: 文件包含在偏移 0xdee 处开始的字符，该字符在当前源字符集中无效(代码页 65001)。
D:\Cpp\Qt\ChangeDetectionApplication\ChangeDetectionApplication.cpp(1,1): warning C4828: 文件包含在偏移 0xdf0 处开始的字符，该字符在当前源字符集中无效(代码页 65001)。
D:\Cpp\Qt\ChangeDetectionApplication\ChangeDetectionApplication.cpp(1,1): warning C4828: 文件包含在偏移 0xdf1 处开始的字符，该字符在当前源字符集中无效(代码页 65001)。
D:\Cpp\Qt\ChangeDetectionApplication\ChangeDetectionApplication.cpp(1,1): warning C4828: 文件包含在偏移 0xdf2 处开始的字符，该字符在当前源字符集中无效(代码页 65001)。
D:\Cpp\Qt\ChangeDetectionApplication\ChangeDetectionApplication.cpp(1,1): warning C4828: 文件包含在偏移 0xdf3 处开始的字符，该字符在当前源字符集中无效(代码页 65001)。
D:\Cpp\Qt\ChangeDetectionApplication\ChangeDetectionApplication.cpp(1,1): warning C4828: 文件包含在偏移 0xebf 处开始的字符，该字符在当前源字符集中无效(代码页 65001)。
D:\Cpp\Qt\ChangeDetectionApplication\ChangeDetectionApplication.cpp(1,1): warning C4828: 文件包含在偏移 0xec2 处开始的字符，该字符在当前源字符集中无效(代码页 65001)。
D:\Cpp\Qt\ChangeDetectionApplication\ChangeDetectionApplication.cpp(1,1): warning C4828: 文件包含在偏移 0xec5 处开始的字符，该字符在当前源字符集中无效(代码页 65001)。
D:\Cpp\Qt\ChangeDetectionApplication\ChangeDetectionApplication.cpp(1,1): warning C4828: 文件包含在偏移 0xec6 处开始的字符，该字符在当前源字符集中无效(代码页 65001)。
D:\Cpp\Qt\ChangeDetectionApplication\ChangeDetectionApplication.cpp(1,1): warning C4828: 文件包含在偏移 0xec9 处开始的字符，该字符在当前源字符集中无效(代码页 65001)。
D:\Cpp\Qt\ChangeDetectionApplication\ChangeDetectionApplication.cpp(1,1): warning C4828: 文件包含在偏移 0xeca 处开始的字符，该字符在当前源字符集中无效(代码页 65001)。
D:\Cpp\Qt\ChangeDetectionApplication\ChangeDetectionApplication.cpp(1,1): warning C4828: 文件包含在偏移 0x1241 处开始的字符，该字符在当前源字符集中无效(代码页 65001)。
D:\Cpp\Qt\ChangeDetectionApplication\ChangeDetectionApplication.cpp(1,1): warning C4828: 文件包含在偏移 0x1243 处开始的字符，该字符在当前源字符集中无效(代码页 65001)。
D:\Cpp\Qt\ChangeDetectionApplication\ChangeDetectionApplication.cpp(1,1): warning C4828: 文件包含在偏移 0x1248 处开始的字符，该字符在当前源字符集中无效(代码页 65001)。
D:\Cpp\Qt\ChangeDetectionApplication\ChangeDetectionApplication.cpp(1,1): warning C4828: 文件包含在偏移 0x1499 处开始的字符，该字符在当前源字符集中无效(代码页 65001)。
D:\Cpp\Qt\ChangeDetectionApplication\ChangeDetectionApplication.cpp(1,1): warning C4828: 文件包含在偏移 0x149a 处开始的字符，该字符在当前源字符集中无效(代码页 65001)。
D:\Cpp\Qt\ChangeDetectionApplication\ChangeDetectionApplication.cpp(1,1): warning C4828: 文件包含在偏移 0x149b 处开始的字符，该字符在当前源字符集中无效(代码页 65001)。
D:\Cpp\Qt\ChangeDetectionApplication\ChangeDetectionApplication.cpp(1,1): warning C4828: 文件包含在偏移 0x149d 处开始的字符，该字符在当前源字符集中无效(代码页 65001)。
D:\Cpp\Qt\ChangeDetectionApplication\ChangeDetectionApplication.cpp(1,1): warning C4828: 文件包含在偏移 0x149e 处开始的字符，该字符在当前源字符集中无效(代码页 65001)。
D:\Cpp\Qt\ChangeDetectionApplication\ChangeDetectionApplication.cpp(1,1): warning C4828: 文件包含在偏移 0x14a0 处开始的字符，该字符在当前源字符集中无效(代码页 65001)。
D:\Cpp\Qt\ChangeDetectionApplication\ChangeDetectionApplication.cpp(1,1): warning C4828: 文件包含在偏移 0x14a2 处开始的字符，该字符在当前源字符集中无效(代码页 65001)。
D:\Cpp\Qt\ChangeDetectionApplication\ChangeDetectionApplication.cpp(1,1): warning C4828: 文件包含在偏移 0x156c 处开始的字符，该字符在当前源字符集中无效(代码页 65001)。
D:\Cpp\Qt\ChangeDetectionApplication\ChangeDetectionApplication.cpp(1,1): warning C4828: 文件包含在偏移 0x156d 处开始的字符，该字符在当前源字符集中无效(代码页 65001)。
D:\Cpp\Qt\ChangeDetectionApplication\ChangeDetectionApplication.cpp(1,1): warning C4828: 文件包含在偏移 0x156e 处开始的字符，该字符在当前源字符集中无效(代码页 65001)。
D:\Cpp\Qt\ChangeDetectionApplication\ChangeDetectionApplication.cpp(1,1): warning C4828: 文件包含在偏移 0x1570 处开始的字符，该字符在当前源字符集中无效(代码页 65001)。
D:\Cpp\Qt\ChangeDetectionApplication\ChangeDetectionApplication.cpp(1,1): warning C4828: 文件包含在偏移 0x1572 处开始的字符，该字符在当前源字符集中无效(代码页 65001)。
D:\Cpp\Qt\ChangeDetectionApplication\ChangeDetectionApplication.cpp(1,1): warning C4828: 文件包含在偏移 0x1573 处开始的字符，该字符在当前源字符集中无效(代码页 65001)。
D:\Cpp\Qt\ChangeDetectionApplication\ChangeDetectionApplication.cpp(1,1): warning C4828: 文件包含在偏移 0x1575 处开始的字符，该字符在当前源字符集中无效(代码页 65001)。
D:\Cpp\Qt\ChangeDetectionApplication\ChangeDetectionApplication.cpp(1,1): warning C4828: 文件包含在偏移 0x1576 处开始的字符，该字符在当前源字符集中无效(代码页 65001)。
D:\Cpp\Qt\ChangeDetectionApplication\ChangeDetectionApplication.cpp(1,1): warning C4828: 文件包含在偏移 0x1577 处开始的字符，该字符在当前源字符集中无效(代码页 65001)。
D:\Cpp\Qt\ChangeDetectionApplication\ChangeDetectionApplication.cpp(1,1): warning C4828: 文件包含在偏移 0x1580 处开始的字符，该字符在当前源字符集中无效(代码页 65001)。
D:\Cpp\Qt\ChangeDetectionApplication\ChangeDetectionApplication.cpp(1,1): warning C4828: 文件包含在偏移 0x1582 处开始的字符，该字符在当前源字符集中无效(代码页 65001)。
D:\Cpp\Qt\ChangeDetectionApplication\ChangeDetectionApplication.cpp(1,1): warning C4828: 文件包含在偏移 0x16c7 处开始的字符，该字符在当前源字符集中无效(代码页 65001)。
D:\Cpp\Qt\ChangeDetectionApplication\ChangeDetectionApplication.cpp(1,1): warning C4828: 文件包含在偏移 0x16cf 处开始的字符，该字符在当前源字符集中无效(代码页 65001)。
D:\Cpp\Qt\ChangeDetectionApplication\ChangeDetectionApplication.cpp(1,1): warning C4828: 文件包含在偏移 0x16d3 处开始的字符，该字符在当前源字符集中无效(代码页 65001)。
D:\Cpp\Qt\ChangeDetectionApplication\ChangeDetectionApplication.cpp(1,1): warning C4828: 文件包含在偏移 0x16d4 处开始的字符，该字符在当前源字符集中无效(代码页 65001)。
D:\Cpp\Qt\ChangeDetectionApplication\ChangeDetectionApplication.cpp(1,1): warning C4828: 文件包含在偏移 0x16d5 处开始的字符，该字符在当前源字符集中无效(代码页 65001)。
D:\Cpp\Qt\ChangeDetectionApplication\ChangeDetectionApplication.cpp(1,1): warning C4828: 文件包含在偏移 0x16d6 处开始的字符，该字符在当前源字符集中无效(代码页 65001)。
D:\Cpp\Qt\ChangeDetectionApplication\ChangeDetectionApplication.cpp(1,1): warning C4828: 文件包含在偏移 0x17bf 处开始的字符，该字符在当前源字符集中无效(代码页 65001)。
D:\Cpp\Qt\ChangeDetectionApplication\ChangeDetectionApplication.cpp(1,1): warning C4828: 文件包含在偏移 0x17c3 处开始的字符，该字符在当前源字符集中无效(代码页 65001)。
D:\Cpp\Qt\ChangeDetectionApplication\ChangeDetectionApplication.cpp(1,1): warning C4828: 文件包含在偏移 0x17c4 处开始的字符，该字符在当前源字符集中无效(代码页 65001)。
D:\Cpp\Qt\ChangeDetectionApplication\ChangeDetectionApplication.cpp(1,1): warning C4828: 文件包含在偏移 0x17c8 处开始的字符，该字符在当前源字符集中无效(代码页 65001)。
D:\Cpp\Qt\ChangeDetectionApplication\ChangeDetectionApplication.cpp(1,1): warning C4828: 文件包含在偏移 0x17cc 处开始的字符，该字符在当前源字符集中无效(代码页 65001)。
D:\Cpp\Qt\ChangeDetectionApplication\ChangeDetectionApplication.cpp(1,1): warning C4828: 文件包含在偏移 0x17cd 处开始的字符，该字符在当前源字符集中无效(代码页 65001)。
D:\Cpp\Qt\ChangeDetectionApplication\ChangeDetectionApplication.cpp(1,1): warning C4828: 文件包含在偏移 0x17ce 处开始的字符，该字符在当前源字符集中无效(代码页 65001)。
D:\Cpp\Qt\ChangeDetectionApplication\ChangeDetectionApplication.cpp(1,1): warning C4828: 文件包含在偏移 0x1a01 处开始的字符，该字符在当前源字符集中无效(代码页 65001)。
D:\Cpp\Qt\ChangeDetectionApplication\ChangeDetectionApplication.cpp(1,1): warning C4828: 文件包含在偏移 0x1a16 处开始的字符，该字符在当前源字符集中无效(代码页 65001)。
D:\Cpp\Qt\ChangeDetectionApplication\ChangeDetectionApplication.cpp(1,1): warning C4828: 文件包含在偏移 0x1a17 处开始的字符，该字符在当前源字符集中无效(代码页 65001)。
D:\Cpp\Qt\ChangeDetectionApplication\ChangeDetectionApplication.cpp(1,1): warning C4828: 文件包含在偏移 0x1a1b 处开始的字符，该字符在当前源字符集中无效(代码页 65001)。
D:\Cpp\Qt\ChangeDetectionApplication\ChangeDetectionApplication.cpp(1,1): warning C4828: 文件包含在偏移 0x1a1c 处开始的字符，该字符在当前源字符集中无效(代码页 65001)。
D:\Cpp\Qt\ChangeDetectionApplication\ChangeDetectionApplication.cpp(1,1): warning C4828: 文件包含在偏移 0x1a1e 处开始的字符，该字符在当前源字符集中无效(代码页 65001)。
D:\Cpp\Qt\ChangeDetectionApplication\ChangeDetectionApplication.cpp(1,1): warning C4828: 文件包含在偏移 0x1a1f 处开始的字符，该字符在当前源字符集中无效(代码页 65001)。
D:\Cpp\Qt\ChangeDetectionApplication\ChangeDetectionApplication.cpp(1,1): warning C4828: 文件包含在偏移 0x1a20 处开始的字符，该字符在当前源字符集中无效(代码页 65001)。
D:\Cpp\Qt\ChangeDetectionApplication\ChangeDetectionApplication.cpp(1,1): warning C4828: 文件包含在偏移 0x1a23 处开始的字符，该字符在当前源字符集中无效(代码页 65001)。
D:\Cpp\Qt\ChangeDetectionApplication\ChangeDetectionApplication.cpp(1,1): warning C4828: 文件包含在偏移 0x1a33 处开始的字符，该字符在当前源字符集中无效(代码页 65001)。
D:\Cpp\Qt\ChangeDetectionApplication\ChangeDetectionApplication.cpp(1,1): warning C4828: 文件包含在偏移 0x1ae1 处开始的字符，该字符在当前源字符集中无效(代码页 65001)。
D:\Cpp\Qt\ChangeDetectionApplication\ChangeDetectionApplication.cpp(1,1): warning C4828: 文件包含在偏移 0x1ae5 处开始的字符，该字符在当前源字符集中无效(代码页 65001)。
D:\Cpp\Qt\ChangeDetectionApplication\ChangeDetectionApplication.cpp(1,1): warning C4828: 文件包含在偏移 0x1ae6 处开始的字符，该字符在当前源字符集中无效(代码页 65001)。
D:\Cpp\Qt\ChangeDetectionApplication\ChangeDetectionApplication.cpp(1,1): warning C4828: 文件包含在偏移 0x1b04 处开始的字符，该字符在当前源字符集中无效(代码页 65001)。
D:\Cpp\Qt\ChangeDetectionApplication\ChangeDetectionApplication.cpp(1,1): warning C4828: 文件包含在偏移 0x1b06 处开始的字符，该字符在当前源字符集中无效(代码页 65001)。
D:\Cpp\Qt\ChangeDetectionApplication\ChangeDetectionApplication.cpp(1,1): warning C4828: 文件包含在偏移 0x1b0a 处开始的字符，该字符在当前源字符集中无效(代码页 65001)。
D:\Cpp\Qt\ChangeDetectionApplication\ChangeDetectionApplication.cpp(1,1): warning C4828: 文件包含在偏移 0x1b0b 处开始的字符，该字符在当前源字符集中无效(代码页 65001)。
  ChangeDetectionApplication.vcxproj -> D:\Cpp\Qt\ChangeDetectionApplication\x64\Debug\ChangeDetectionApplication.exe
